[08-Aug-2024 06:38:35 Europe/Berlin] PHP Deprecated:  Creation of dynamic property Signup::$defaultSites is deprecated in C:\xampp\htdocs\SamiSalud-POS\clases\sessionController.php on line 26
[08-Aug-2024 06:38:35 Europe/Berlin] SESSION CONTROLLER:: validateSession
[08-Aug-2024 06:38:35 Europe/Berlin] PHP Warning:  Undefined array key 2 in C:\xampp\htdocs\SamiSalud-POS\clases\sessionController.php on line 112
[08-Aug-2024 06:38:35 Europe/Berlin] PHP Deprecated:  error_log(): Passing null to parameter #2 ($message_type) of type int is deprecated in C:\xampp\htdocs\SamiSalud-POS\clases\sessionController.php on line 112
[08-Aug-2024 06:38:35 Europe/Berlin] SESSION CONTROLLER:: getCurrentPage -> 
[08-Aug-2024 06:38:35 Europe/Berlin] PHP Warning:  Undefined array key 2 in C:\xampp\htdocs\SamiSalud-POS\clases\sessionController.php on line 113
[08-Aug-2024 06:38:35 Europe/Berlin] PHP Deprecated:  preg_replace(): Passing null to parameter #3 ($subject) of type array|string is deprecated in C:\xampp\htdocs\SamiSalud-POS\clases\sessionController.php on line 96
[08-Aug-2024 06:38:35 Europe/Berlin] Signup::construct -> Inicio de registro
[08-Aug-2024 06:38:35 Europe/Berlin] Controller::loadModel -> El archivo models/signupmodel.php no existe.
[08-Aug-2024 06:38:35 Europe/Berlin] PHP Warning:  require(views/indexlogin/signup.php): Failed to open stream: No such file or directory in C:\xampp\htdocs\SamiSalud-POS\libs\view.php on line 12
[08-Aug-2024 06:38:35 Europe/Berlin] PHP Fatal error:  Uncaught Error: Failed opening required 'views/indexlogin/signup.php' (include_path='C:\xampp\php\PEAR') in C:\xampp\htdocs\SamiSalud-POS\libs\view.php:12
Stack trace:
#0 C:\xampp\htdocs\SamiSalud-POS\controllers\signup.php(20): View->render('login/signup', Array)
#1 C:\xampp\htdocs\SamiSalud-POS\libs\app.php(56): Signup->render(NULL, '00102')
#2 C:\xampp\htdocs\SamiSalud-POS\index.php(22): App->__construct()
#3 {main}
  thrown in C:\xampp\htdocs\SamiSalud-POS\libs\view.php on line 12
[08-Aug-2024 06:38:46 Europe/Berlin] Iniciando app
[08-Aug-2024 06:38:46 Europe/Berlin] PHP Deprecated:  Creation of dynamic property Signup::$defaultSites is deprecated in C:\xampp\htdocs\SamiSalud-POS\clases\sessionController.php on line 26
[08-Aug-2024 06:38:46 Europe/Berlin] SESSION CONTROLLER:: validateSession
[08-Aug-2024 06:38:46 Europe/Berlin] PHP Warning:  Undefined array key 2 in C:\xampp\htdocs\SamiSalud-POS\clases\sessionController.php on line 112
[08-Aug-2024 06:38:46 Europe/Berlin] PHP Deprecated:  error_log(): Passing null to parameter #2 ($message_type) of type int is deprecated in C:\xampp\htdocs\SamiSalud-POS\clases\sessionController.php on line 112
[08-Aug-2024 06:38:46 Europe/Berlin] SESSION CONTROLLER:: getCurrentPage -> 
[08-Aug-2024 06:38:46 Europe/Berlin] PHP Warning:  Undefined array key 2 in C:\xampp\htdocs\SamiSalud-POS\clases\sessionController.php on line 113
[08-Aug-2024 06:38:46 Europe/Berlin] PHP Deprecated:  preg_replace(): Passing null to parameter #3 ($subject) of type array|string is deprecated in C:\xampp\htdocs\SamiSalud-POS\clases\sessionController.php on line 96
[08-Aug-2024 06:38:46 Europe/Berlin] Signup::construct -> Inicio de registro
[08-Aug-2024 06:38:46 Europe/Berlin] Controller::loadModel -> El archivo models/signupmodel.php no existe.
[08-Aug-2024 06:38:46 Europe/Berlin] Iniciando app
[08-Aug-2024 06:38:46 Europe/Berlin] Errores::construct-> Inicio de errores
[08-Aug-2024 06:38:48 Europe/Berlin] Iniciando app
[08-Aug-2024 06:38:48 Europe/Berlin] APP::construct-> No hay controlador especificado.
[08-Aug-2024 06:38:48 Europe/Berlin] Login::construct -> Inicio de Login
[08-Aug-2024 06:38:48 Europe/Berlin] Iniciando app
[08-Aug-2024 06:38:48 Europe/Berlin] Errores::construct-> Inicio de errores
[08-Aug-2024 06:38:50 Europe/Berlin] Iniciando app
[08-Aug-2024 06:38:50 Europe/Berlin] PHP Deprecated:  Creation of dynamic property Signup::$defaultSites is deprecated in C:\xampp\htdocs\SamiSalud-POS\clases\sessionController.php on line 26
[08-Aug-2024 06:38:50 Europe/Berlin] SESSION CONTROLLER:: validateSession
[08-Aug-2024 06:38:50 Europe/Berlin] PHP Warning:  Undefined array key 2 in C:\xampp\htdocs\SamiSalud-POS\clases\sessionController.php on line 112
[08-Aug-2024 06:38:50 Europe/Berlin] PHP Deprecated:  error_log(): Passing null to parameter #2 ($message_type) of type int is deprecated in C:\xampp\htdocs\SamiSalud-POS\clases\sessionController.php on line 112
[08-Aug-2024 06:38:50 Europe/Berlin] SESSION CONTROLLER:: getCurrentPage -> 
[08-Aug-2024 06:38:50 Europe/Berlin] PHP Warning:  Undefined array key 2 in C:\xampp\htdocs\SamiSalud-POS\clases\sessionController.php on line 113
[08-Aug-2024 06:38:50 Europe/Berlin] PHP Deprecated:  preg_replace(): Passing null to parameter #3 ($subject) of type array|string is deprecated in C:\xampp\htdocs\SamiSalud-POS\clases\sessionController.php on line 96
[08-Aug-2024 06:38:50 Europe/Berlin] Signup::construct -> Inicio de registro
[08-Aug-2024 06:38:50 Europe/Berlin] Controller::loadModel -> El archivo models/signupmodel.php no existe.
[08-Aug-2024 06:38:51 Europe/Berlin] Iniciando app
[08-Aug-2024 06:38:51 Europe/Berlin] Errores::construct-> Inicio de errores
[08-Aug-2024 06:38:52 Europe/Berlin] Iniciando app
[08-Aug-2024 06:38:52 Europe/Berlin] APP::construct-> No hay controlador especificado.
[08-Aug-2024 06:38:52 Europe/Berlin] Login::construct -> Inicio de Login
[08-Aug-2024 06:38:52 Europe/Berlin] Iniciando app
[08-Aug-2024 06:38:52 Europe/Berlin] Errores::construct-> Inicio de errores
[08-Aug-2024 06:38:54 Europe/Berlin] Iniciando app
[08-Aug-2024 06:38:54 Europe/Berlin] PHP Deprecated:  Creation of dynamic property Signup::$defaultSites is deprecated in C:\xampp\htdocs\SamiSalud-POS\clases\sessionController.php on line 26
[08-Aug-2024 06:38:54 Europe/Berlin] SESSION CONTROLLER:: validateSession
[08-Aug-2024 06:38:54 Europe/Berlin] PHP Warning:  Undefined array key 2 in C:\xampp\htdocs\SamiSalud-POS\clases\sessionController.php on line 112
[08-Aug-2024 06:38:54 Europe/Berlin] PHP Deprecated:  error_log(): Passing null to parameter #2 ($message_type) of type int is deprecated in C:\xampp\htdocs\SamiSalud-POS\clases\sessionController.php on line 112
[08-Aug-2024 06:38:54 Europe/Berlin] SESSION CONTROLLER:: getCurrentPage -> 
[08-Aug-2024 06:38:54 Europe/Berlin] PHP Warning:  Undefined array key 2 in C:\xampp\htdocs\SamiSalud-POS\clases\sessionController.php on line 113
[08-Aug-2024 06:38:54 Europe/Berlin] PHP Deprecated:  preg_replace(): Passing null to parameter #3 ($subject) of type array|string is deprecated in C:\xampp\htdocs\SamiSalud-POS\clases\sessionController.php on line 96
[08-Aug-2024 06:38:54 Europe/Berlin] Signup::construct -> Inicio de registro
[08-Aug-2024 06:38:54 Europe/Berlin] Controller::loadModel -> El archivo models/signupmodel.php no existe.
[08-Aug-2024 06:38:54 Europe/Berlin] Iniciando app
[08-Aug-2024 06:38:54 Europe/Berlin] Errores::construct-> Inicio de errores
[08-Aug-2024 06:38:55 Europe/Berlin] Iniciando app
[08-Aug-2024 06:38:55 Europe/Berlin] APP::construct-> No hay controlador especificado.
[08-Aug-2024 06:38:55 Europe/Berlin] Login::construct -> Inicio de Login
[08-Aug-2024 06:38:55 Europe/Berlin] Iniciando app
[08-Aug-2024 06:38:55 Europe/Berlin] Errores::construct-> Inicio de errores
[08-Aug-2024 06:38:58 Europe/Berlin] Iniciando app
[08-Aug-2024 06:38:58 Europe/Berlin] APP::construct-> No hay controlador especificado.
[08-Aug-2024 06:38:58 Europe/Berlin] Login::construct -> Inicio de Login
[08-Aug-2024 06:38:58 Europe/Berlin] Iniciando app
[08-Aug-2024 06:38:58 Europe/Berlin] Errores::construct-> Inicio de errores
[08-Aug-2024 06:39:01 Europe/Berlin] Iniciando app
[08-Aug-2024 06:39:01 Europe/Berlin] Errores::construct-> Inicio de errores
[08-Aug-2024 06:39:04 Europe/Berlin] Iniciando app
[08-Aug-2024 06:39:04 Europe/Berlin] PHP Deprecated:  Creation of dynamic property Signup::$defaultSites is deprecated in C:\xampp\htdocs\SamiSalud-POS\clases\sessionController.php on line 26
[08-Aug-2024 06:39:04 Europe/Berlin] SESSION CONTROLLER:: validateSession
[08-Aug-2024 06:39:04 Europe/Berlin] PHP Warning:  Undefined array key 2 in C:\xampp\htdocs\SamiSalud-POS\clases\sessionController.php on line 112
[08-Aug-2024 06:39:04 Europe/Berlin] PHP Deprecated:  error_log(): Passing null to parameter #2 ($message_type) of type int is deprecated in C:\xampp\htdocs\SamiSalud-POS\clases\sessionController.php on line 112
[08-Aug-2024 06:39:04 Europe/Berlin] SESSION CONTROLLER:: getCurrentPage -> 
[08-Aug-2024 06:39:04 Europe/Berlin] PHP Warning:  Undefined array key 2 in C:\xampp\htdocs\SamiSalud-POS\clases\sessionController.php on line 113
[08-Aug-2024 06:39:04 Europe/Berlin] PHP Deprecated:  preg_replace(): Passing null to parameter #3 ($subject) of type array|string is deprecated in C:\xampp\htdocs\SamiSalud-POS\clases\sessionController.php on line 96
[08-Aug-2024 06:39:04 Europe/Berlin] Signup::construct -> Inicio de registro
[08-Aug-2024 06:39:04 Europe/Berlin] Controller::loadModel -> El archivo models/signupmodel.php no existe.
[08-Aug-2024 06:39:04 Europe/Berlin] Iniciando app
[08-Aug-2024 06:39:04 Europe/Berlin] Errores::construct-> Inicio de errores
[08-Aug-2024 06:39:06 Europe/Berlin] Iniciando app
[08-Aug-2024 06:39:06 Europe/Berlin] Errores::construct-> Inicio de errores
[08-Aug-2024 06:39:08 Europe/Berlin] Iniciando app
[08-Aug-2024 06:39:08 Europe/Berlin] PHP Deprecated:  Creation of dynamic property Signup::$defaultSites is deprecated in C:\xampp\htdocs\SamiSalud-POS\clases\sessionController.php on line 26
[08-Aug-2024 06:39:08 Europe/Berlin] SESSION CONTROLLER:: validateSession
[08-Aug-2024 06:39:08 Europe/Berlin] PHP Warning:  Undefined array key 2 in C:\xampp\htdocs\SamiSalud-POS\clases\sessionController.php on line 112
[08-Aug-2024 06:39:08 Europe/Berlin] PHP Deprecated:  error_log(): Passing null to parameter #2 ($message_type) of type int is deprecated in C:\xampp\htdocs\SamiSalud-POS\clases\sessionController.php on line 112
[08-Aug-2024 06:39:08 Europe/Berlin] SESSION CONTROLLER:: getCurrentPage -> 
[08-Aug-2024 06:39:08 Europe/Berlin] PHP Warning:  Undefined array key 2 in C:\xampp\htdocs\SamiSalud-POS\clases\sessionController.php on line 113
[08-Aug-2024 06:39:08 Europe/Berlin] PHP Deprecated:  preg_replace(): Passing null to parameter #3 ($subject) of type array|string is deprecated in C:\xampp\htdocs\SamiSalud-POS\clases\sessionController.php on line 96
[08-Aug-2024 06:39:08 Europe/Berlin] Signup::construct -> Inicio de registro
[08-Aug-2024 06:39:08 Europe/Berlin] Controller::loadModel -> El archivo models/signupmodel.php no existe.
[08-Aug-2024 06:40:39 Europe/Berlin] Iniciando app
[08-Aug-2024 06:40:39 Europe/Berlin] PHP Deprecated:  Creation of dynamic property Signup::$defaultSites is deprecated in C:\xampp\htdocs\SamiSalud-POS\clases\sessionController.php on line 26
[08-Aug-2024 06:40:39 Europe/Berlin] SESSION CONTROLLER:: validateSession
[08-Aug-2024 06:40:39 Europe/Berlin] PHP Warning:  Undefined array key 2 in C:\xampp\htdocs\SamiSalud-POS\clases\sessionController.php on line 112
[08-Aug-2024 06:40:39 Europe/Berlin] PHP Deprecated:  error_log(): Passing null to parameter #2 ($message_type) of type int is deprecated in C:\xampp\htdocs\SamiSalud-POS\clases\sessionController.php on line 112
[08-Aug-2024 06:40:39 Europe/Berlin] SESSION CONTROLLER:: getCurrentPage -> 
[08-Aug-2024 06:40:39 Europe/Berlin] PHP Warning:  Undefined array key 2 in C:\xampp\htdocs\SamiSalud-POS\clases\sessionController.php on line 113
[08-Aug-2024 06:40:39 Europe/Berlin] PHP Deprecated:  preg_replace(): Passing null to parameter #3 ($subject) of type array|string is deprecated in C:\xampp\htdocs\SamiSalud-POS\clases\sessionController.php on line 96
[08-Aug-2024 06:40:39 Europe/Berlin] Signup::construct -> Inicio de registro
[08-Aug-2024 06:40:39 Europe/Berlin] Controller::loadModel -> El archivo models/signupmodel.php no existe.
[08-Aug-2024 06:40:39 Europe/Berlin] Iniciando app
[08-Aug-2024 06:40:39 Europe/Berlin] Errores::construct-> Inicio de errores
[08-Aug-2024 06:40:41 Europe/Berlin] Iniciando app
[08-Aug-2024 06:40:41 Europe/Berlin] PHP Deprecated:  Creation of dynamic property Signup::$defaultSites is deprecated in C:\xampp\htdocs\SamiSalud-POS\clases\sessionController.php on line 26
[08-Aug-2024 06:40:41 Europe/Berlin] SESSION CONTROLLER:: validateSession
[08-Aug-2024 06:40:41 Europe/Berlin] PHP Warning:  Undefined array key 2 in C:\xampp\htdocs\SamiSalud-POS\clases\sessionController.php on line 112
[08-Aug-2024 06:40:41 Europe/Berlin] PHP Deprecated:  error_log(): Passing null to parameter #2 ($message_type) of type int is deprecated in C:\xampp\htdocs\SamiSalud-POS\clases\sessionController.php on line 112
[08-Aug-2024 06:40:41 Europe/Berlin] SESSION CONTROLLER:: getCurrentPage -> 
[08-Aug-2024 06:40:41 Europe/Berlin] PHP Warning:  Undefined array key 2 in C:\xampp\htdocs\SamiSalud-POS\clases\sessionController.php on line 113
[08-Aug-2024 06:40:41 Europe/Berlin] PHP Deprecated:  preg_replace(): Passing null to parameter #3 ($subject) of type array|string is deprecated in C:\xampp\htdocs\SamiSalud-POS\clases\sessionController.php on line 96
[08-Aug-2024 06:40:41 Europe/Berlin] Signup::construct -> Inicio de registro
[08-Aug-2024 06:40:41 Europe/Berlin] Controller::loadModel -> El archivo models/signupmodel.php no existe.
[08-Aug-2024 06:40:41 Europe/Berlin] Iniciando app
[08-Aug-2024 06:40:41 Europe/Berlin] PHP Deprecated:  Creation of dynamic property Signup::$defaultSites is deprecated in C:\xampp\htdocs\SamiSalud-POS\clases\sessionController.php on line 26
[08-Aug-2024 06:40:41 Europe/Berlin] SESSION CONTROLLER:: validateSession
[08-Aug-2024 06:40:41 Europe/Berlin] PHP Warning:  Undefined array key 2 in C:\xampp\htdocs\SamiSalud-POS\clases\sessionController.php on line 112
[08-Aug-2024 06:40:41 Europe/Berlin] PHP Deprecated:  error_log(): Passing null to parameter #2 ($message_type) of type int is deprecated in C:\xampp\htdocs\SamiSalud-POS\clases\sessionController.php on line 112
[08-Aug-2024 06:40:41 Europe/Berlin] SESSION CONTROLLER:: getCurrentPage -> 
[08-Aug-2024 06:40:41 Europe/Berlin] PHP Warning:  Undefined array key 2 in C:\xampp\htdocs\SamiSalud-POS\clases\sessionController.php on line 113
[08-Aug-2024 06:40:41 Europe/Berlin] PHP Deprecated:  preg_replace(): Passing null to parameter #3 ($subject) of type array|string is deprecated in C:\xampp\htdocs\SamiSalud-POS\clases\sessionController.php on line 96
[08-Aug-2024 06:40:41 Europe/Berlin] Signup::construct -> Inicio de registro
[08-Aug-2024 06:40:41 Europe/Berlin] Controller::loadModel -> El archivo models/signupmodel.php no existe.
[08-Aug-2024 06:40:41 Europe/Berlin] Iniciando app
[08-Aug-2024 06:40:41 Europe/Berlin] Errores::construct-> Inicio de errores
[08-Aug-2024 06:40:43 Europe/Berlin] Iniciando app
[08-Aug-2024 06:40:43 Europe/Berlin] Errores::construct-> Inicio de errores
[08-Aug-2024 06:40:45 Europe/Berlin] Iniciando app
[08-Aug-2024 06:40:45 Europe/Berlin] PHP Deprecated:  Creation of dynamic property Signup::$defaultSites is deprecated in C:\xampp\htdocs\SamiSalud-POS\clases\sessionController.php on line 26
[08-Aug-2024 06:40:45 Europe/Berlin] SESSION CONTROLLER:: validateSession
[08-Aug-2024 06:40:45 Europe/Berlin] PHP Warning:  Undefined array key 2 in C:\xampp\htdocs\SamiSalud-POS\clases\sessionController.php on line 112
[08-Aug-2024 06:40:45 Europe/Berlin] PHP Deprecated:  error_log(): Passing null to parameter #2 ($message_type) of type int is deprecated in C:\xampp\htdocs\SamiSalud-POS\clases\sessionController.php on line 112
[08-Aug-2024 06:40:45 Europe/Berlin] SESSION CONTROLLER:: getCurrentPage -> 
[08-Aug-2024 06:40:45 Europe/Berlin] PHP Warning:  Undefined array key 2 in C:\xampp\htdocs\SamiSalud-POS\clases\sessionController.php on line 113
[08-Aug-2024 06:40:45 Europe/Berlin] PHP Deprecated:  preg_replace(): Passing null to parameter #3 ($subject) of type array|string is deprecated in C:\xampp\htdocs\SamiSalud-POS\clases\sessionController.php on line 96
[08-Aug-2024 06:40:45 Europe/Berlin] Signup::construct -> Inicio de registro
[08-Aug-2024 06:40:45 Europe/Berlin] Controller::loadModel -> El archivo models/signupmodel.php no existe.
[08-Aug-2024 06:40:46 Europe/Berlin] Iniciando app
[08-Aug-2024 06:40:46 Europe/Berlin] PHP Deprecated:  Creation of dynamic property Signup::$defaultSites is deprecated in C:\xampp\htdocs\SamiSalud-POS\clases\sessionController.php on line 26
[08-Aug-2024 06:40:46 Europe/Berlin] SESSION CONTROLLER:: validateSession
[08-Aug-2024 06:40:46 Europe/Berlin] PHP Warning:  Undefined array key 2 in C:\xampp\htdocs\SamiSalud-POS\clases\sessionController.php on line 112
[08-Aug-2024 06:40:46 Europe/Berlin] PHP Deprecated:  error_log(): Passing null to parameter #2 ($message_type) of type int is deprecated in C:\xampp\htdocs\SamiSalud-POS\clases\sessionController.php on line 112
[08-Aug-2024 06:40:46 Europe/Berlin] SESSION CONTROLLER:: getCurrentPage -> 
[08-Aug-2024 06:40:46 Europe/Berlin] PHP Warning:  Undefined array key 2 in C:\xampp\htdocs\SamiSalud-POS\clases\sessionController.php on line 113
[08-Aug-2024 06:40:46 Europe/Berlin] PHP Deprecated:  preg_replace(): Passing null to parameter #3 ($subject) of type array|string is deprecated in C:\xampp\htdocs\SamiSalud-POS\clases\sessionController.php on line 96
[08-Aug-2024 06:40:46 Europe/Berlin] Signup::construct -> Inicio de registro
[08-Aug-2024 06:40:46 Europe/Berlin] Controller::loadModel -> El archivo models/signupmodel.php no existe.
[08-Aug-2024 06:40:46 Europe/Berlin] Iniciando app
[08-Aug-2024 06:40:46 Europe/Berlin] Errores::construct-> Inicio de errores
[08-Aug-2024 06:40:52 Europe/Berlin] Iniciando app
[08-Aug-2024 06:40:52 Europe/Berlin] PHP Deprecated:  rtrim(): Passing null to parameter #1 ($string) of type string is deprecated in C:\xampp\htdocs\SamiSalud-POS\libs\app.php on line 7
[08-Aug-2024 06:40:52 Europe/Berlin] APP::construct-> No hay controlador especificado.
[08-Aug-2024 06:40:52 Europe/Berlin] Login::construct -> Inicio de Login
[08-Aug-2024 06:40:52 Europe/Berlin] Iniciando app
[08-Aug-2024 06:40:52 Europe/Berlin] Errores::construct-> Inicio de errores
[08-Aug-2024 06:40:56 Europe/Berlin] Iniciando app
[08-Aug-2024 06:40:56 Europe/Berlin] PHP Deprecated:  Creation of dynamic property Signup::$defaultSites is deprecated in C:\xampp\htdocs\SamiSalud-POS\clases\sessionController.php on line 26
[08-Aug-2024 06:40:56 Europe/Berlin] SESSION CONTROLLER:: validateSession
[08-Aug-2024 06:40:56 Europe/Berlin] PHP Warning:  Undefined array key 2 in C:\xampp\htdocs\SamiSalud-POS\clases\sessionController.php on line 112
[08-Aug-2024 06:40:56 Europe/Berlin] PHP Deprecated:  error_log(): Passing null to parameter #2 ($message_type) of type int is deprecated in C:\xampp\htdocs\SamiSalud-POS\clases\sessionController.php on line 112
[08-Aug-2024 06:40:56 Europe/Berlin] SESSION CONTROLLER:: getCurrentPage -> 
[08-Aug-2024 06:40:56 Europe/Berlin] PHP Warning:  Undefined array key 2 in C:\xampp\htdocs\SamiSalud-POS\clases\sessionController.php on line 113
[08-Aug-2024 06:40:56 Europe/Berlin] PHP Deprecated:  preg_replace(): Passing null to parameter #3 ($subject) of type array|string is deprecated in C:\xampp\htdocs\SamiSalud-POS\clases\sessionController.php on line 96
[08-Aug-2024 06:40:56 Europe/Berlin] Signup::construct -> Inicio de registro
[08-Aug-2024 06:40:56 Europe/Berlin] Controller::loadModel -> El archivo models/signupmodel.php no existe.
[08-Aug-2024 06:40:56 Europe/Berlin] Iniciando app
[08-Aug-2024 06:40:56 Europe/Berlin] PHP Deprecated:  Creation of dynamic property Signup::$defaultSites is deprecated in C:\xampp\htdocs\SamiSalud-POS\clases\sessionController.php on line 26
[08-Aug-2024 06:40:56 Europe/Berlin] SESSION CONTROLLER:: validateSession
[08-Aug-2024 06:40:56 Europe/Berlin] PHP Warning:  Undefined array key 2 in C:\xampp\htdocs\SamiSalud-POS\clases\sessionController.php on line 112
[08-Aug-2024 06:40:56 Europe/Berlin] PHP Deprecated:  error_log(): Passing null to parameter #2 ($message_type) of type int is deprecated in C:\xampp\htdocs\SamiSalud-POS\clases\sessionController.php on line 112
[08-Aug-2024 06:40:56 Europe/Berlin] SESSION CONTROLLER:: getCurrentPage -> 
[08-Aug-2024 06:40:56 Europe/Berlin] PHP Warning:  Undefined array key 2 in C:\xampp\htdocs\SamiSalud-POS\clases\sessionController.php on line 113
[08-Aug-2024 06:40:56 Europe/Berlin] PHP Deprecated:  preg_replace(): Passing null to parameter #3 ($subject) of type array|string is deprecated in C:\xampp\htdocs\SamiSalud-POS\clases\sessionController.php on line 96
[08-Aug-2024 06:40:56 Europe/Berlin] Signup::construct -> Inicio de registro
[08-Aug-2024 06:40:56 Europe/Berlin] Controller::loadModel -> El archivo models/signupmodel.php no existe.
[08-Aug-2024 06:40:56 Europe/Berlin] Iniciando app
[08-Aug-2024 06:40:56 Europe/Berlin] Errores::construct-> Inicio de errores
